1772433900749	geckodriver	INFO	Listening on 127.0.0.1:60908
1772433903876	mozrunner::runner	INFO	Running command: "C:\\Program Files\\Mozilla Firefox\\firefox.exe" "--marionette" "--remote-debugging-port" "60909" "--remote-allow-hosts" "localhost" "-no-remote" "-profile" "C:\\Users\\NAGYTA~1\\AppData\\Local\\Temp\\rust_mozprofilehaUjXD"
console.warn: services.settings: Ignoring preference override of remote settings server
console.warn: services.settings: Allow by setting MOZ_REMOTE_SETTINGS_DEVTOOLS=1 in the environment
Dynamically enable window occlusion 0
1772433904187	Marionette	INFO	Marionette enabled
1772433904373	Marionette	INFO	Listening on port 60916
WebDriver BiDi listening on ws://127.0.0.1:60909
Read port: 60916
1772433904473	RemoteAgent	WARN	TLS certificate errors will be ignored for this session
console.warn: RSLoader: Recipe new-tab-14802025121163751-to-release-146 not returned from collection nimbus-secure-experiments because it contains feature newtabTrainhopAddon, which is disallowed for that collection.
console.warn: RSLoader: Recipe new-tab-14802025121163751-to-release-14702 not returned from collection nimbus-secure-experiments because it contains feature newtabTrainhopAddon, which is disallowed for that collection.
console.warn: RSLoader: Recipe new-tab-14912026012151415-to-beta not returned from collection nimbus-secure-experiments because it contains feature newtabTrainhopAddon, which is disallowed for that collection.
console.warn: RSLoader: Recipe new-tab-14912026012151415-to-release-14703 not returned from collection nimbus-secure-experiments because it contains feature newtabTrainhopAddon, which is disallowed for that collection.
console.warn: RSLoader: Recipe new-tab-14912026012151415-to-release-14703-14704 not returned from collection nimbus-secure-experiments because it contains feature newtabTrainhopAddon, which is disallowed for that collection.
console.warn: RSLoader: Recipe new-tab-149220260220204414-to-release-148 not returned from collection nimbus-secure-experiments because it contains feature newtabTrainhopAddon, which is disallowed for that collection.
console.warn: LoginRecipes: "Falling back to a synchronous message for: https://www.saucedemo.com."
console.warn: LoginRecipes: "Falling back to a synchronous message for: https://www.saucedemo.com."
JavaScript error: , line 0: NS_ERROR_NOT_AVAILABLE
console.error: "buildList failed: " [Exception... "Failure"  nsresult: "0x80004005 (NS_ERROR_FAILURE)"  location: "<unknown>"  data: no]
JavaScript warning: https://www.saucedemo.com/static/js/main.bcf4bc5f.js, line 2: Script terminated by timeout at:
get@https://www.saucedemo.com/static/js/main.bcf4bc5f.js:2:507285
89083/r/936/t/7429/value/<@https://www.saucedemo.com/static/js/main.bcf4bc5f.js:2:440891

1772439498418	Marionette	INFO	Stopped listening on port 60916
Dynamically enable window occlusion 1
console.error: "Failed to fetch https://ads.mozilla.org/v1/delete_user:" "NetworkError when attempting to fetch resource."
console.warn: TopSitesFeed: Failed to fetch data from MARS server: NetworkError when attempting to fetch resource.
JavaScript error: resource://services-settings/RemoteSettingsClient.sys.mjs, line 101: Error: Unknown callback
