1774251447431	geckodriver	INFO	Listening on 127.0.0.1:61685
1774251450532	mozrunner::runner	INFO	Running command: "C:\\Program Files\\Mozilla Firefox\\firefox.exe" "--marionette" "--remote-debugging-port" "61686" "--remote-allow-hosts" "localhost" "-no-remote" "-profile" "C:\\Users\\NAGYTA~1\\AppData\\Local\\Temp\\rust_mozprofilecrXbdN"
console.warn: services.settings: Ignoring preference override of remote settings server
console.warn: services.settings: Allow by setting MOZ_REMOTE_SETTINGS_DEVTOOLS=1 in the environment
Dynamically enable window occlusion 0
1774251450864	Marionette	INFO	Marionette enabled
1774251451039	Marionette	INFO	Listening on port 50405
WebDriver BiDi listening on ws://127.0.0.1:61686
Read port: 50405
1774251451211	RemoteAgent	WARN	TLS certificate errors will be ignored for this session
1774251453804	Marionette	INFO	Stopped listening on port 50405
Dynamically enable window occlusion 1
console.error: "Failed to fetch https://ads.mozilla.org/v1/delete_user:" "NetworkError when attempting to fetch resource."
console.warn: TopSitesFeed: Failed to fetch data from MARS server: NetworkError when attempting to fetch resource.
console.error: services.settings: 
  main/third-party-cookie-blocking-exempt-urls: Signature of bundled changeset is invalid: [Exception... "<no message>"  nsresult: "0x8046001e (<unknown>)"  location: "JS frame :: resource://gre/modules/ServiceRequest.sys.mjs :: open :: line 126"  data: no].
console.error: services.settings: 
  main/query-stripping: Signature of bundled changeset is invalid: [Exception... "<no message>"  nsresult: "0x8046001e (<unknown>)"  location: "JS frame :: resource://gre/modules/ServiceRequest.sys.mjs :: open :: line 126"  data: no].
console.error: services.settings: 
Object
  - prototype Object
    - columnNumber = 0
    - data = null
    - filename = resource://gre/modules/ServiceRequest.sys.mjs
    - lineNumber = 126
    - location = {"name":"open","filename":"resource://gre/modules/ServiceRequest.sys.mjs","sourceId":27,"lineNumber":126,"columnNumber":11,"asyncCause":null,"asyncCaller":null,"caller":{"filename":"resource://services-settings/Utils.sys.mjs","name":"fetch/<","sourceId":26,"lineNumber":268,"columnNumber":15,"asyncCause":null,"asyncCaller":null,"caller":{"filename":"resource://services-settings/Utils.sys.mjs","name":"fetch","sourceId":26,"lineNumber":219,"columnNumber":12,"asyncCause":null,"asyncCaller":null,"caller":{"filename":"resource://services-settings/Utils.sys.mjs","name":"fetchLatestChanges","sourceId":26,"lineNumber":429,"columnNumber":34,"asyncCause":null,"asyncCaller":null,"caller":{"filename":"resource://services-settings/RemoteSettingsClient.sys.mjs","name":"sync","sourceId":24,"lineNumber":657,"columnNumber":42,"asyncCause":null,"asyncCaller":null,"caller":{"filename":"resource://services-settings/RemoteSettingsClient.sys.mjs","name":"get/this._importingPromise<","sourceId":24,"lineNumber":499,"columnNumber":28,"asyncCause":null,"asyncCaller":null,"caller":{"filename":"resource://gre/modules/AsyncShutdown.sys.mjs","name":"observe","sourceId":17,"lineNumber":569,"columnNumber":17,"asyncCause":null,"asyncCaller":null,"caller":null,"formattedStack":"observe@resource://gre/modules/AsyncShutdown.sys.mjs:569:17\n","nativeSavedFrame":{}},"formattedStack":"get/this._importingPromise<@resource://services-settings/RemoteSettingsClient.sys.mjs:499:28\nobserve@resource://gre/modules/AsyncShutdown.sys.mjs:569:17\n","nativeSavedFrame":{}},"formattedStack":"sync@resource://services-settings/RemoteSettingsClient.sys.mjs:657:42\nget/this._importingPromise<@resource://services-settings/RemoteSettingsClient.sys.mjs:499:28\nobserve@resource://gre/modules/AsyncShutdown.sys.mjs:569:17\n","nativeSavedFrame":{}},"formattedStack":"fetchLatestChanges@resource://services-settings/Utils.sys.mjs:429:34\nsync@resource://services-settings/RemoteSettingsClient.sys.mjs:657:42\nget/this._importingPromise<@resource://services-settings/RemoteSettingsClient.sys.mjs:499:28\nobserve@resource://gre/modules/AsyncShutdown.sys.mjs:569:17\n","nativeSavedFrame":{}},"formattedStack":"fetch@resource://services-settings/Utils.sys.mjs:219:12\nfetchLatestChanges@resource://services-settings/Utils.sys.mjs:429:34\nsync@resource://services-settings/RemoteSettingsClient.sys.mjs:657:42\nget/this._importingPromise<@resource://services-settings/RemoteSettingsClient.sys.mjs:499:28\nobserve@resource://gre/modules/AsyncShutdown.sys.mjs:569:17\n","nativeSavedFrame":{}},"formattedStack":"fetch/<@resource://services-settings/Utils.sys.mjs:268:15\nfetch@resource://services-settings/Utils.sys.mjs:219:12\nfetchLatestChanges@resource://services-settings/Utils.sys.mjs:429:34\nsync@resource://services-settings/RemoteSettingsClient.sys.mjs:657:42\nget/this._importingPromise<@resource://services-settings/RemoteSettingsClient.sys.mjs:499:28\nobserve@resource://gre/modules/AsyncShutdown.sys.mjs:569:17\n","nativeSavedFrame":{}},"formattedStack":"open@resource://gre/modules/ServiceRequest.sys.mjs:126:11\nfetch/<@resource://services-settings/Utils.sys.mjs:268:15\nfetch@resource://services-settings/Utils.sys.mjs:219:12\nfetchLatestChanges@resource://services-settings/Utils.sys.mjs:429:34\nsync@resource://services-settings/RemoteSettingsClient.sys.mjs:657:42\nget/this._importingPromise<@resource://services-settings/RemoteSettingsClient.sys.mjs:499:28\nobserve@resource://gre/modules/AsyncShutdown.sys.mjs:569:17\n","nativeSavedFrame":{}}
    - message = 
    - name = 
    - result = 2152071198
    - stack = open@resource://gre/modules/ServiceRequest.sys.mjs:126:11|fetch/<@resource://services-settings/Utils.sys.mjs:268:15|fetch@resource://services-settings/Utils.sys.mjs:219:12|fetchLatestChanges@resource://services-settings/Utils.sys.mjs:429:34|sync@resource://services-settings/RemoteSettingsClient.sys.mjs:657:42|get/this._importingPromise<@resource://services-settings/RemoteSettingsClient.sys.mjs:499:28|observe@resource://gre/modules/AsyncShutdown.sys.mjs:569:17|
  - prototype Object
console.error: services.settings: 
Object
  - prototype Object
    - columnNumber = 0
    - data = null
    - filename = resource://gre/modules/ServiceRequest.sys.mjs
    - lineNumber = 126
    - location = {"name":"open","filename":"resource://gre/modules/ServiceRequest.sys.mjs","sourceId":27,"lineNumber":126,"columnNumber":11,"asyncCause":null,"asyncCaller":null,"caller":{"filename":"resource://services-settings/Utils.sys.mjs","name":"fetch/<","sourceId":26,"lineNumber":268,"columnNumber":15,"asyncCause":null,"asyncCaller":null,"caller":{"filename":"resource://services-settings/Utils.sys.mjs","name":"fetch","sourceId":26,"lineNumber":219,"columnNumber":12,"asyncCause":null,"asyncCaller":null,"caller":{"filename":"resource://services-settings/Utils.sys.mjs","name":"fetchLatestChanges","sourceId":26,"lineNumber":429,"columnNumber":34,"asyncCause":null,"asyncCaller":null,"caller":{"filename":"resource://services-settings/RemoteSettingsClient.sys.mjs","name":"sync","sourceId":24,"lineNumber":657,"columnNumber":42,"asyncCause":null,"asyncCaller":null,"caller":{"filename":"resource://services-settings/RemoteSettingsClient.sys.mjs","name":"get/this._importingPromise<","sourceId":24,"lineNumber":499,"columnNumber":28,"asyncCause":null,"asyncCaller":null,"caller":{"filename":"resource://gre/modules/AsyncShutdown.sys.mjs","name":"observe","sourceId":17,"lineNumber":569,"columnNumber":17,"asyncCause":null,"asyncCaller":null,"caller":null,"formattedStack":"observe@resource://gre/modules/AsyncShutdown.sys.mjs:569:17\n","nativeSavedFrame":{}},"formattedStack":"get/this._importingPromise<@resource://services-settings/RemoteSettingsClient.sys.mjs:499:28\nobserve@resource://gre/modules/AsyncShutdown.sys.mjs:569:17\n","nativeSavedFrame":{}},"formattedStack":"sync@resource://services-settings/RemoteSettingsClient.sys.mjs:657:42\nget/this._importingPromise<@resource://services-settings/RemoteSettingsClient.sys.mjs:499:28\nobserve@resource://gre/modules/AsyncShutdown.sys.mjs:569:17\n","nativeSavedFrame":{}},"formattedStack":"fetchLatestChanges@resource://services-settings/Utils.sys.mjs:429:34\nsync@resource://services-settings/RemoteSettingsClient.sys.mjs:657:42\nget/this._importingPromise<@resource://services-settings/RemoteSettingsClient.sys.mjs:499:28\nobserve@resource://gre/modules/AsyncShutdown.sys.mjs:569:17\n","nativeSavedFrame":{}},"formattedStack":"fetch@resource://services-settings/Utils.sys.mjs:219:12\nfetchLatestChanges@resource://services-settings/Utils.sys.mjs:429:34\nsync@resource://services-settings/RemoteSettingsClient.sys.mjs:657:42\nget/this._importingPromise<@resource://services-settings/RemoteSettingsClient.sys.mjs:499:28\nobserve@resource://gre/modules/AsyncShutdown.sys.mjs:569:17\n","nativeSavedFrame":{}},"formattedStack":"fetch/<@resource://services-settings/Utils.sys.mjs:268:15\nfetch@resource://services-settings/Utils.sys.mjs:219:12\nfetchLatestChanges@resource://services-settings/Utils.sys.mjs:429:34\nsync@resource://services-settings/RemoteSettingsClient.sys.mjs:657:42\nget/this._importingPromise<@resource://services-settings/RemoteSettingsClient.sys.mjs:499:28\nobserve@resource://gre/modules/AsyncShutdown.sys.mjs:569:17\n","nativeSavedFrame":{}},"formattedStack":"open@resource://gre/modules/ServiceRequest.sys.mjs:126:11\nfetch/<@resource://services-settings/Utils.sys.mjs:268:15\nfetch@resource://services-settings/Utils.sys.mjs:219:12\nfetchLatestChanges@resource://services-settings/Utils.sys.mjs:429:34\nsync@resource://services-settings/RemoteSettingsClient.sys.mjs:657:42\nget/this._importingPromise<@resource://services-settings/RemoteSettingsClient.sys.mjs:499:28\nobserve@resource://gre/modules/AsyncShutdown.sys.mjs:569:17\n","nativeSavedFrame":{}}
    - message = 
    - name = 
    - result = 2152071198
    - stack = open@resource://gre/modules/ServiceRequest.sys.mjs:126:11|fetch/<@resource://services-settings/Utils.sys.mjs:268:15|fetch@resource://services-settings/Utils.sys.mjs:219:12|fetchLatestChanges@resource://services-settings/Utils.sys.mjs:429:34|sync@resource://services-settings/RemoteSettingsClient.sys.mjs:657:42|get/this._importingPromise<@resource://services-settings/RemoteSettingsClient.sys.mjs:499:28|observe@resource://gre/modules/AsyncShutdown.sys.mjs:569:17|
  - prototype Object
console.error: services.settings: 
Object
  - prototype Object
    - columnNumber = 0
    - data = null
    - filename = resource://gre/modules/ServiceRequest.sys.mjs
    - lineNumber = 126
    - location = {"name":"open","filename":"resource://gre/modules/ServiceRequest.sys.mjs","sourceId":27,"lineNumber":126,"columnNumber":11,"asyncCause":null,"asyncCaller":null,"caller":{"filename":"resource://services-settings/Utils.sys.mjs","name":"fetch/<","sourceId":26,"lineNumber":268,"columnNumber":15,"asyncCause":null,"asyncCaller":null,"caller":{"filename":"resource://services-settings/Utils.sys.mjs","name":"fetch","sourceId":26,"lineNumber":219,"columnNumber":12,"asyncCause":null,"asyncCaller":null,"caller":{"filename":"resource://services-settings/Utils.sys.mjs","name":"fetchLatestChanges","sourceId":26,"lineNumber":429,"columnNumber":34,"asyncCause":null,"asyncCaller":null,"caller":{"filename":"resource://services-settings/RemoteSettingsClient.sys.mjs","name":"sync","sourceId":24,"lineNumber":657,"columnNumber":42,"asyncCause":null,"asyncCaller":null,"caller":{"filename":"resource://services-settings/RemoteSettingsClient.sys.mjs","name":"get/this._importingPromise<","sourceId":24,"lineNumber":499,"columnNumber":28,"asyncCause":null,"asyncCaller":null,"caller":{"filename":"resource://gre/modules/AsyncShutdown.sys.mjs","name":"observe","sourceId":17,"lineNumber":569,"columnNumber":17,"asyncCause":null,"asyncCaller":null,"caller":null,"formattedStack":"observe@resource://gre/modules/AsyncShutdown.sys.mjs:569:17\n","nativeSavedFrame":{}},"formattedStack":"get/this._importingPromise<@resource://services-settings/RemoteSettingsClient.sys.mjs:499:28\nobserve@resource://gre/modules/AsyncShutdown.sys.mjs:569:17\n","nativeSavedFrame":{}},"formattedStack":"sync@resource://services-settings/RemoteSettingsClient.sys.mjs:657:42\nget/this._importingPromise<@resource://services-settings/RemoteSettingsClient.sys.mjs:499:28\nobserve@resource://gre/modules/AsyncShutdown.sys.mjs:569:17\n","nativeSavedFrame":{}},"formattedStack":"fetchLatestChanges@resource://services-settings/Utils.sys.mjs:429:34\nsync@resource://services-settings/RemoteSettingsClient.sys.mjs:657:42\nget/this._importingPromise<@resource://services-settings/RemoteSettingsClient.sys.mjs:499:28\nobserve@resource://gre/modules/AsyncShutdown.sys.mjs:569:17\n","nativeSavedFrame":{}},"formattedStack":"fetch@resource://services-settings/Utils.sys.mjs:219:12\nfetchLatestChanges@resource://services-settings/Utils.sys.mjs:429:34\nsync@resource://services-settings/RemoteSettingsClient.sys.mjs:657:42\nget/this._importingPromise<@resource://services-settings/RemoteSettingsClient.sys.mjs:499:28\nobserve@resource://gre/modules/AsyncShutdown.sys.mjs:569:17\n","nativeSavedFrame":{}},"formattedStack":"fetch/<@resource://services-settings/Utils.sys.mjs:268:15\nfetch@resource://services-settings/Utils.sys.mjs:219:12\nfetchLatestChanges@resource://services-settings/Utils.sys.mjs:429:34\nsync@resource://services-settings/RemoteSettingsClient.sys.mjs:657:42\nget/this._importingPromise<@resource://services-settings/RemoteSettingsClient.sys.mjs:499:28\nobserve@resource://gre/modules/AsyncShutdown.sys.mjs:569:17\n","nativeSavedFrame":{}},"formattedStack":"open@resource://gre/modules/ServiceRequest.sys.mjs:126:11\nfetch/<@resource://services-settings/Utils.sys.mjs:268:15\nfetch@resource://services-settings/Utils.sys.mjs:219:12\nfetchLatestChanges@resource://services-settings/Utils.sys.mjs:429:34\nsync@resource://services-settings/RemoteSettingsClient.sys.mjs:657:42\nget/this._importingPromise<@resource://services-settings/RemoteSettingsClient.sys.mjs:499:28\nobserve@resource://gre/modules/AsyncShutdown.sys.mjs:569:17\n","nativeSavedFrame":{}}
    - message = 
    - name = 
    - result = 2152071198
    - stack = open@resource://gre/modules/ServiceRequest.sys.mjs:126:11|fetch/<@resource://services-settings/Utils.sys.mjs:268:15|fetch@resource://services-settings/Utils.sys.mjs:219:12|fetchLatestChanges@resource://services-settings/Utils.sys.mjs:429:34|sync@resource://services-settings/RemoteSettingsClient.sys.mjs:657:42|get/this._importingPromise<@resource://services-settings/RemoteSettingsClient.sys.mjs:499:28|observe@resource://gre/modules/AsyncShutdown.sys.mjs:569:17|
  - prototype Object
console.error: services.settings: 
Object
  - prototype Object
    - columnNumber = 0
    - data = null
    - filename = resource://gre/modules/ServiceRequest.sys.mjs
    - lineNumber = 126
    - location = {"name":"open","filename":"resource://gre/modules/ServiceRequest.sys.mjs","sourceId":27,"lineNumber":126,"columnNumber":11,"asyncCause":null,"asyncCaller":null,"caller":{"filename":"resource://services-settings/Utils.sys.mjs","name":"fetch/<","sourceId":26,"lineNumber":268,"columnNumber":15,"asyncCause":null,"asyncCaller":null,"caller":{"filename":"resource://services-settings/Utils.sys.mjs","name":"fetch","sourceId":26,"lineNumber":219,"columnNumber":12,"asyncCause":null,"asyncCaller":null,"caller":{"filename":"resource://services-settings/Utils.sys.mjs","name":"fetchLatestChanges","sourceId":26,"lineNumber":429,"columnNumber":34,"asyncCause":null,"asyncCaller":null,"caller":{"filename":"resource://services-settings/RemoteSettingsClient.sys.mjs","name":"sync","sourceId":24,"lineNumber":657,"columnNumber":42,"asyncCause":null,"asyncCaller":null,"caller":{"filename":"resource://services-settings/RemoteSettingsClient.sys.mjs","name":"get/this._importingPromise<","sourceId":24,"lineNumber":499,"columnNumber":28,"asyncCause":null,"asyncCaller":null,"caller":{"filename":"resource://gre/modules/AsyncShutdown.sys.mjs","name":"observe","sourceId":17,"lineNumber":569,"columnNumber":17,"asyncCause":null,"asyncCaller":null,"caller":null,"formattedStack":"observe@resource://gre/modules/AsyncShutdown.sys.mjs:569:17\n","nativeSavedFrame":{}},"formattedStack":"get/this._importingPromise<@resource://services-settings/RemoteSettingsClient.sys.mjs:499:28\nobserve@resource://gre/modules/AsyncShutdown.sys.mjs:569:17\n","nativeSavedFrame":{}},"formattedStack":"sync@resource://services-settings/RemoteSettingsClient.sys.mjs:657:42\nget/this._importingPromise<@resource://services-settings/RemoteSettingsClient.sys.mjs:499:28\nobserve@resource://gre/modules/AsyncShutdown.sys.mjs:569:17\n","nativeSavedFrame":{}},"formattedStack":"fetchLatestChanges@resource://services-settings/Utils.sys.mjs:429:34\nsync@resource://services-settings/RemoteSettingsClient.sys.mjs:657:42\nget/this._importingPromise<@resource://services-settings/RemoteSettingsClient.sys.mjs:499:28\nobserve@resource://gre/modules/AsyncShutdown.sys.mjs:569:17\n","nativeSavedFrame":{}},"formattedStack":"fetch@resource://services-settings/Utils.sys.mjs:219:12\nfetchLatestChanges@resource://services-settings/Utils.sys.mjs:429:34\nsync@resource://services-settings/RemoteSettingsClient.sys.mjs:657:42\nget/this._importingPromise<@resource://services-settings/RemoteSettingsClient.sys.mjs:499:28\nobserve@resource://gre/modules/AsyncShutdown.sys.mjs:569:17\n","nativeSavedFrame":{}},"formattedStack":"fetch/<@resource://services-settings/Utils.sys.mjs:268:15\nfetch@resource://services-settings/Utils.sys.mjs:219:12\nfetchLatestChanges@resource://services-settings/Utils.sys.mjs:429:34\nsync@resource://services-settings/RemoteSettingsClient.sys.mjs:657:42\nget/this._importingPromise<@resource://services-settings/RemoteSettingsClient.sys.mjs:499:28\nobserve@resource://gre/modules/AsyncShutdown.sys.mjs:569:17\n","nativeSavedFrame":{}},"formattedStack":"open@resource://gre/modules/ServiceRequest.sys.mjs:126:11\nfetch/<@resource://services-settings/Utils.sys.mjs:268:15\nfetch@resource://services-settings/Utils.sys.mjs:219:12\nfetchLatestChanges@resource://services-settings/Utils.sys.mjs:429:34\nsync@resource://services-settings/RemoteSettingsClient.sys.mjs:657:42\nget/this._importingPromise<@resource://services-settings/RemoteSettingsClient.sys.mjs:499:28\nobserve@resource://gre/modules/AsyncShutdown.sys.mjs:569:17\n","nativeSavedFrame":{}}
    - message = 
    - name = 
    - result = 2152071198
    - stack = open@resource://gre/modules/ServiceRequest.sys.mjs:126:11|fetch/<@resource://services-settings/Utils.sys.mjs:268:15|fetch@resource://services-settings/Utils.sys.mjs:219:12|fetchLatestChanges@resource://services-settings/Utils.sys.mjs:429:34|sync@resource://services-settings/RemoteSettingsClient.sys.mjs:657:42|get/this._importingPromise<@resource://services-settings/RemoteSettingsClient.sys.mjs:499:28|observe@resource://gre/modules/AsyncShutdown.sys.mjs:569:17|
  - prototype Object
console.error: services.settings: 
Object
  - prototype Object
    - columnNumber = 0
    - data = null
    - filename = resource://gre/modules/ServiceRequest.sys.mjs
    - lineNumber = 126
    - location = {"name":"open","filename":"resource://gre/modules/ServiceRequest.sys.mjs","sourceId":27,"lineNumber":126,"columnNumber":11,"asyncCause":null,"asyncCaller":null,"caller":{"filename":"resource://services-settings/Utils.sys.mjs","name":"fetch/<","sourceId":26,"lineNumber":268,"columnNumber":15,"asyncCause":null,"asyncCaller":null,"caller":{"filename":"resource://services-settings/Utils.sys.mjs","name":"fetch","sourceId":26,"lineNumber":219,"columnNumber":12,"asyncCause":null,"asyncCaller":null,"caller":{"filename":"resource://services-settings/Utils.sys.mjs","name":"fetchLatestChanges","sourceId":26,"lineNumber":429,"columnNumber":34,"asyncCause":null,"asyncCaller":null,"caller":{"filename":"resource://services-settings/RemoteSettingsClient.sys.mjs","name":"sync","sourceId":24,"lineNumber":657,"columnNumber":42,"asyncCause":null,"asyncCaller":null,"caller":{"filename":"resource://services-settings/RemoteSettingsClient.sys.mjs","name":"get/this._importingPromise<","sourceId":24,"lineNumber":499,"columnNumber":28,"asyncCause":null,"asyncCaller":null,"caller":{"filename":"resource://gre/modules/AsyncShutdown.sys.mjs","name":"observe","sourceId":17,"lineNumber":569,"columnNumber":17,"asyncCause":null,"asyncCaller":null,"caller":null,"formattedStack":"observe@resource://gre/modules/AsyncShutdown.sys.mjs:569:17\n","nativeSavedFrame":{}},"formattedStack":"get/this._importingPromise<@resource://services-settings/RemoteSettingsClient.sys.mjs:499:28\nobserve@resource://gre/modules/AsyncShutdown.sys.mjs:569:17\n","nativeSavedFrame":{}},"formattedStack":"sync@resource://services-settings/RemoteSettingsClient.sys.mjs:657:42\nget/this._importingPromise<@resource://services-settings/RemoteSettingsClient.sys.mjs:499:28\nobserve@resource://gre/modules/AsyncShutdown.sys.mjs:569:17\n","nativeSavedFrame":{}},"formattedStack":"fetchLatestChanges@resource://services-settings/Utils.sys.mjs:429:34\nsync@resource://services-settings/RemoteSettingsClient.sys.mjs:657:42\nget/this._importingPromise<@resource://services-settings/RemoteSettingsClient.sys.mjs:499:28\nobserve@resource://gre/modules/AsyncShutdown.sys.mjs:569:17\n","nativeSavedFrame":{}},"formattedStack":"fetch@resource://services-settings/Utils.sys.mjs:219:12\nfetchLatestChanges@resource://services-settings/Utils.sys.mjs:429:34\nsync@resource://services-settings/RemoteSettingsClient.sys.mjs:657:42\nget/this._importingPromise<@resource://services-settings/RemoteSettingsClient.sys.mjs:499:28\nobserve@resource://gre/modules/AsyncShutdown.sys.mjs:569:17\n","nativeSavedFrame":{}},"formattedStack":"fetch/<@resource://services-settings/Utils.sys.mjs:268:15\nfetch@resource://services-settings/Utils.sys.mjs:219:12\nfetchLatestChanges@resource://services-settings/Utils.sys.mjs:429:34\nsync@resource://services-settings/RemoteSettingsClient.sys.mjs:657:42\nget/this._importingPromise<@resource://services-settings/RemoteSettingsClient.sys.mjs:499:28\nobserve@resource://gre/modules/AsyncShutdown.sys.mjs:569:17\n","nativeSavedFrame":{}},"formattedStack":"open@resource://gre/modules/ServiceRequest.sys.mjs:126:11\nfetch/<@resource://services-settings/Utils.sys.mjs:268:15\nfetch@resource://services-settings/Utils.sys.mjs:219:12\nfetchLatestChanges@resource://services-settings/Utils.sys.mjs:429:34\nsync@resource://services-settings/RemoteSettingsClient.sys.mjs:657:42\nget/this._importingPromise<@resource://services-settings/RemoteSettingsClient.sys.mjs:499:28\nobserve@resource://gre/modules/AsyncShutdown.sys.mjs:569:17\n","nativeSavedFrame":{}}
    - message = 
    - name = 
    - result = 2152071198
    - stack = open@resource://gre/modules/ServiceRequest.sys.mjs:126:11|fetch/<@resource://services-settings/Utils.sys.mjs:268:15|fetch@resource://services-settings/Utils.sys.mjs:219:12|fetchLatestChanges@resource://services-settings/Utils.sys.mjs:429:34|sync@resource://services-settings/RemoteSettingsClient.sys.mjs:657:42|get/this._importingPromise<@resource://services-settings/RemoteSettingsClient.sys.mjs:499:28|observe@resource://gre/modules/AsyncShutdown.sys.mjs:569:17|
  - prototype Object
console.error: services.settings: 
Object
  - prototype Object
    - columnNumber = 0
    - data = null
    - filename = resource://gre/modules/ServiceRequest.sys.mjs
    - lineNumber = 126
    - location = {"name":"open","filename":"resource://gre/modules/ServiceRequest.sys.mjs","sourceId":27,"lineNumber":126,"columnNumber":11,"asyncCause":null,"asyncCaller":null,"caller":{"filename":"resource://services-settings/Utils.sys.mjs","name":"fetch/<","sourceId":26,"lineNumber":268,"columnNumber":15,"asyncCause":null,"asyncCaller":null,"caller":{"filename":"resource://services-settings/Utils.sys.mjs","name":"fetch","sourceId":26,"lineNumber":219,"columnNumber":12,"asyncCause":null,"asyncCaller":null,"caller":{"filename":"resource://services-settings/Utils.sys.mjs","name":"fetchLatestChanges","sourceId":26,"lineNumber":429,"columnNumber":34,"asyncCause":null,"asyncCaller":null,"caller":{"filename":"resource://services-settings/RemoteSettingsClient.sys.mjs","name":"sync","sourceId":24,"lineNumber":657,"columnNumber":42,"asyncCause":null,"asyncCaller":null,"caller":{"filename":"resource://services-settings/RemoteSettingsClient.sys.mjs","name":"get/this._importingPromise<","sourceId":24,"lineNumber":499,"columnNumber":28,"asyncCause":null,"asyncCaller":null,"caller":{"filename":"resource://gre/modules/AsyncShutdown.sys.mjs","name":"observe","sourceId":17,"lineNumber":569,"columnNumber":17,"asyncCause":null,"asyncCaller":null,"caller":null,"formattedStack":"observe@resource://gre/modules/AsyncShutdown.sys.mjs:569:17\n","nativeSavedFrame":{}},"formattedStack":"get/this._importingPromise<@resource://services-settings/RemoteSettingsClient.sys.mjs:499:28\nobserve@resource://gre/modules/AsyncShutdown.sys.mjs:569:17\n","nativeSavedFrame":{}},"formattedStack":"sync@resource://services-settings/RemoteSettingsClient.sys.mjs:657:42\nget/this._importingPromise<@resource://services-settings/RemoteSettingsClient.sys.mjs:499:28\nobserve@resource://gre/modules/AsyncShutdown.sys.mjs:569:17\n","nativeSavedFrame":{}},"formattedStack":"fetchLatestChanges@resource://services-settings/Utils.sys.mjs:429:34\nsync@resource://services-settings/RemoteSettingsClient.sys.mjs:657:42\nget/this._importingPromise<@resource://services-settings/RemoteSettingsClient.sys.mjs:499:28\nobserve@resource://gre/modules/AsyncShutdown.sys.mjs:569:17\n","nativeSavedFrame":{}},"formattedStack":"fetch@resource://services-settings/Utils.sys.mjs:219:12\nfetchLatestChanges@resource://services-settings/Utils.sys.mjs:429:34\nsync@resource://services-settings/RemoteSettingsClient.sys.mjs:657:42\nget/this._importingPromise<@resource://services-settings/RemoteSettingsClient.sys.mjs:499:28\nobserve@resource://gre/modules/AsyncShutdown.sys.mjs:569:17\n","nativeSavedFrame":{}},"formattedStack":"fetch/<@resource://services-settings/Utils.sys.mjs:268:15\nfetch@resource://services-settings/Utils.sys.mjs:219:12\nfetchLatestChanges@resource://services-settings/Utils.sys.mjs:429:34\nsync@resource://services-settings/RemoteSettingsClient.sys.mjs:657:42\nget/this._importingPromise<@resource://services-settings/RemoteSettingsClient.sys.mjs:499:28\nobserve@resource://gre/modules/AsyncShutdown.sys.mjs:569:17\n","nativeSavedFrame":{}},"formattedStack":"open@resource://gre/modules/ServiceRequest.sys.mjs:126:11\nfetch/<@resource://services-settings/Utils.sys.mjs:268:15\nfetch@resource://services-settings/Utils.sys.mjs:219:12\nfetchLatestChanges@resource://services-settings/Utils.sys.mjs:429:34\nsync@resource://services-settings/RemoteSettingsClient.sys.mjs:657:42\nget/this._importingPromise<@resource://services-settings/RemoteSettingsClient.sys.mjs:499:28\nobserve@resource://gre/modules/AsyncShutdown.sys.mjs:569:17\n","nativeSavedFrame":{}}
    - message = 
    - name = 
    - result = 2152071198
    - stack = open@resource://gre/modules/ServiceRequest.sys.mjs:126:11|fetch/<@resource://services-settings/Utils.sys.mjs:268:15|fetch@resource://services-settings/Utils.sys.mjs:219:12|fetchLatestChanges@resource://services-settings/Utils.sys.mjs:429:34|sync@resource://services-settings/RemoteSettingsClient.sys.mjs:657:42|get/this._importingPromise<@resource://services-settings/RemoteSettingsClient.sys.mjs:499:28|observe@resource://gre/modules/AsyncShutdown.sys.mjs:569:17|
  - prototype Object
console.error: services.settings: 
Object
  - prototype Object
    - columnNumber = 0
    - data = null
    - filename = resource://gre/modules/ServiceRequest.sys.mjs
    - lineNumber = 126
    - location = {"name":"open","filename":"resource://gre/modules/ServiceRequest.sys.mjs","sourceId":27,"lineNumber":126,"columnNumber":11,"asyncCause":null,"asyncCaller":null,"caller":{"filename":"resource://services-settings/Utils.sys.mjs","name":"fetch/<","sourceId":26,"lineNumber":268,"columnNumber":15,"asyncCause":null,"asyncCaller":null,"caller":{"filename":"resource://services-settings/Utils.sys.mjs","name":"fetch","sourceId":26,"lineNumber":219,"columnNumber":12,"asyncCause":null,"asyncCaller":null,"caller":{"filename":"resource://services-settings/Utils.sys.mjs","name":"fetchLatestChanges","sourceId":26,"lineNumber":429,"columnNumber":34,"asyncCause":null,"asyncCaller":null,"caller":{"filename":"resource://services-settings/RemoteSettingsClient.sys.mjs","name":"sync","sourceId":24,"lineNumber":657,"columnNumber":42,"asyncCause":null,"asyncCaller":null,"caller":{"filename":"resource://services-settings/RemoteSettingsClient.sys.mjs","name":"get/this._importingPromise<","sourceId":24,"lineNumber":499,"columnNumber":28,"asyncCause":null,"asyncCaller":null,"caller":{"filename":"resource://gre/modules/AsyncShutdown.sys.mjs","name":"observe","sourceId":17,"lineNumber":569,"columnNumber":17,"asyncCause":null,"asyncCaller":null,"caller":null,"formattedStack":"observe@resource://gre/modules/AsyncShutdown.sys.mjs:569:17\n","nativeSavedFrame":{}},"formattedStack":"get/this._importingPromise<@resource://services-settings/RemoteSettingsClient.sys.mjs:499:28\nobserve@resource://gre/modules/AsyncShutdown.sys.mjs:569:17\n","nativeSavedFrame":{}},"formattedStack":"sync@resource://services-settings/RemoteSettingsClient.sys.mjs:657:42\nget/this._importingPromise<@resource://services-settings/RemoteSettingsClient.sys.mjs:499:28\nobserve@resource://gre/modules/AsyncShutdown.sys.mjs:569:17\n","nativeSavedFrame":{}},"formattedStack":"fetchLatestChanges@resource://services-settings/Utils.sys.mjs:429:34\nsync@resource://services-settings/RemoteSettingsClient.sys.mjs:657:42\nget/this._importingPromise<@resource://services-settings/RemoteSettingsClient.sys.mjs:499:28\nobserve@resource://gre/modules/AsyncShutdown.sys.mjs:569:17\n","nativeSavedFrame":{}},"formattedStack":"fetch@resource://services-settings/Utils.sys.mjs:219:12\nfetchLatestChanges@resource://services-settings/Utils.sys.mjs:429:34\nsync@resource://services-settings/RemoteSettingsClient.sys.mjs:657:42\nget/this._importingPromise<@resource://services-settings/RemoteSettingsClient.sys.mjs:499:28\nobserve@resource://gre/modules/AsyncShutdown.sys.mjs:569:17\n","nativeSavedFrame":{}},"formattedStack":"fetch/<@resource://services-settings/Utils.sys.mjs:268:15\nfetch@resource://services-settings/Utils.sys.mjs:219:12\nfetchLatestChanges@resource://services-settings/Utils.sys.mjs:429:34\nsync@resource://services-settings/RemoteSettingsClient.sys.mjs:657:42\nget/this._importingPromise<@resource://services-settings/RemoteSettingsClient.sys.mjs:499:28\nobserve@resource://gre/modules/AsyncShutdown.sys.mjs:569:17\n","nativeSavedFrame":{}},"formattedStack":"open@resource://gre/modules/ServiceRequest.sys.mjs:126:11\nfetch/<@resource://services-settings/Utils.sys.mjs:268:15\nfetch@resource://services-settings/Utils.sys.mjs:219:12\nfetchLatestChanges@resource://services-settings/Utils.sys.mjs:429:34\nsync@resource://services-settings/RemoteSettingsClient.sys.mjs:657:42\nget/this._importingPromise<@resource://services-settings/RemoteSettingsClient.sys.mjs:499:28\nobserve@resource://gre/modules/AsyncShutdown.sys.mjs:569:17\n","nativeSavedFrame":{}}
    - message = 
    - name = 
    - result = 2152071198
    - stack = open@resource://gre/modules/ServiceRequest.sys.mjs:126:11|fetch/<@resource://services-settings/Utils.sys.mjs:268:15|fetch@resource://services-settings/Utils.sys.mjs:219:12|fetchLatestChanges@resource://services-settings/Utils.sys.mjs:429:34|sync@resource://services-settings/RemoteSettingsClient.sys.mjs:657:42|get/this._importingPromise<@resource://services-settings/RemoteSettingsClient.sys.mjs:499:28|observe@resource://gre/modules/AsyncShutdown.sys.mjs:569:17|
  - prototype Object
console.error: SearchTelemetry: (new TypeError("can't access property \"empty\", this[#store] is null", "moz-src:///browser/components/search/SERPCategorization.sys.mjs", 951))
console.warn: RSLoader: Recipe new-tab-14802025121163751-to-release-146 not returned from collection nimbus-secure-experiments because it contains feature newtabTrainhopAddon, which is disallowed for that collection.
console.warn: RSLoader: Recipe new-tab-14802025121163751-to-release-14702 not returned from collection nimbus-secure-experiments because it contains feature newtabTrainhopAddon, which is disallowed for that collection.
console.warn: RSLoader: Recipe new-tab-14912026012151415-to-release-14703-14704 not returned from collection nimbus-secure-experiments because it contains feature newtabTrainhopAddon, which is disallowed for that collection.
console.warn: RSLoader: Recipe new-tab-150120260304231049-to-beta-149 not returned from collection nimbus-secure-experiments because it contains feature newtabTrainhopAddon, which is disallowed for that collection.
console.warn: RSLoader: Recipe new-tab-150120260304231049-to-release-148 not returned from collection nimbus-secure-experiments because it contains feature newtabTrainhopAddon, which is disallowed for that collection.
console.error: (new Error("Phase \"profile-change-teardown\" is finished, it is too late to register completion condition \"ProfilesDatastoreService uninit\"", "resource://gre/modules/AsyncShutdown.sys.mjs", 718))
console.error: NimbusMigrations: 
  applyMigrations: error running migration 2 (import-enrollments-to-sql): TypeError: can't access property "executeTransaction", conn is null
JavaScript error: resource://services-settings/RemoteSettingsClient.sys.mjs, line 101: Error: Unknown callback
